<?xml version="1.0" encoding="UTF-8"?>
<testng-results ignored="0" total="6" passed="4" failed="1" skipped="1">
  <reporter-output>
  </reporter-output>
  <suite started-at="2023-09-03T11:54:34 IST" name="Suite" finished-at="2023-09-03T11:54:35 IST" duration-ms="217">
    <groups>
      <group name="regression">
        <method signature="M1.t3()[pri:7, instance:GettingStartedWithTestNG.M1@54422e18]" name="t3" class="GettingStartedWithTestNG.M1"/>
        <method signature="M1.t1()[pri:8, instance:GettingStartedWithTestNG.M1@54422e18]" name="t1" class="GettingStartedWithTestNG.M1"/>
        <method signature="M1.t2()[pri:9, instance:GettingStartedWithTestNG.M1@54422e18]" name="t2" class="GettingStartedWithTestNG.M1"/>
        <method signature="M1.t4()[pri:5, instance:GettingStartedWithTestNG.M1@54422e18]" name="t4" class="GettingStartedWithTestNG.M1"/>
      </group> <!-- regression -->
      <group name="sanity">
        <method signature="M1.t4()[pri:5, instance:GettingStartedWithTestNG.M1@54422e18]" name="t4" class="GettingStartedWithTestNG.M1"/>
      </group> <!-- sanity -->
    </groups>
    <test started-at="2023-09-03T11:54:34 IST" name="Test" finished-at="2023-09-03T11:54:35 IST" duration-ms="217">
      <class name="GettingStartedWithTestNG.M1">
        <test-method is-config="true" signature="beforeClass()[pri:0, instance:GettingStartedWithTestNG.M1@54422e18]" started-at="2023-09-03T11:54:35 IST" name="beforeClass" finished-at="2023-09-03T11:54:35 IST" duration-ms="23" status="PASS">
          <reporter-output>
          </reporter-output>
        </test-method> <!-- beforeClass -->
        <test-method signature="t5()[pri:2, instance:GettingStartedWithTestNG.M1@54422e18]" started-at="2023-09-03T11:54:35 IST" name="t5" finished-at="2023-09-03T11:54:35 IST" duration-ms="18" status="FAIL">
          <exception class="java.lang.AssertionError">
            <message>
              <![CDATA[null]]>
            </message>
            <full-stacktrace>
              <![CDATA[java.lang.AssertionError: null
at org.testng.Assert.fail(Assert.java:111)
at org.testng.Assert.fail(Assert.java:116)
at GettingStartedWithTestNG.M1.t5(M1.java:46)
at java.base/jdk.internal.reflect.NativeMethodAccessorImpl.invoke0(Native Method)
at java.base/jdk.internal.reflect.NativeMethodAccessorImpl.invoke(NativeMethodAccessorImpl.java:77)
at java.base/jdk.internal.reflect.DelegatingMethodAccessorImpl.invoke(DelegatingMethodAccessorImpl.java:43)
at java.base/java.lang.reflect.Method.invoke(Method.java:568)
at org.testng.internal.invokers.MethodInvocationHelper.invokeMethod(MethodInvocationHelper.java:139)
at org.testng.internal.invokers.TestInvoker.invokeMethod(TestInvoker.java:664)
at org.testng.internal.invokers.TestInvoker.invokeTestMethod(TestInvoker.java:227)
at org.testng.internal.invokers.MethodRunner.runInSequence(MethodRunner.java:50)
at org.testng.internal.invokers.TestInvoker$MethodInvocationAgent.invoke(TestInvoker.java:957)
at org.testng.internal.invokers.TestInvoker.invokeTestMethods(TestInvoker.java:200)
at org.testng.internal.invokers.TestMethodWorker.invokeTestMethods(TestMethodWorker.java:148)
at org.testng.internal.invokers.TestMethodWorker.run(TestMethodWorker.java:128)
at java.base/java.util.ArrayList.forEach(ArrayList.java:1511)
at org.testng.TestRunner.privateRun(TestRunner.java:848)
at org.testng.TestRunner.run(TestRunner.java:621)
at org.testng.SuiteRunner.runTest(SuiteRunner.java:443)
at org.testng.SuiteRunner.runSequentially(SuiteRunner.java:437)
at org.testng.SuiteRunner.privateRun(SuiteRunner.java:397)
at org.testng.SuiteRunner.run(SuiteRunner.java:336)
at org.testng.SuiteRunnerWorker.runSuite(SuiteRunnerWorker.java:52)
at org.testng.SuiteRunnerWorker.run(SuiteRunnerWorker.java:95)
at org.testng.TestNG.runSuitesSequentially(TestNG.java:1280)
at org.testng.TestNG.runSuitesLocally(TestNG.java:1200)
at org.testng.TestNG.runSuites(TestNG.java:1114)
at org.testng.TestNG.run(TestNG.java:1082)
at org.testng.remote.AbstractRemoteTestNG.run(AbstractRemoteTestNG.java:115)
at org.testng.remote.RemoteTestNG.initAndRun(RemoteTestNG.java:251)
at org.testng.remote.RemoteTestNG.main(RemoteTestNG.java:77)
]]>
            </full-stacktrace>
          </exception> <!-- java.lang.AssertionError -->
          <reporter-output>
          </reporter-output>
        </test-method> <!-- t5 -->
        <test-method signature="t6()[pri:0, instance:GettingStartedWithTestNG.M1@54422e18]" started-at="2023-09-03T11:54:35 IST" name="t6" finished-at="2023-09-03T11:54:35 IST" depends-on-methods="GettingStartedWithTestNG.M1.t5" duration-ms="0" status="SKIP">
          <exception class="java.lang.Throwable">
            <message>
              <![CDATA[Method GettingStartedWithTestNG.M1.t6() on instance GettingStartedWithTestNG.M1@54422e18 depends on not successfully finished methods 
[GettingStartedWithTestNG.M1.t5() on instance GettingStartedWithTestNG.M1@54422e18]]]>
            </message>
            <full-stacktrace>
              <![CDATA[java.lang.Throwable: Method GettingStartedWithTestNG.M1.t6() on instance GettingStartedWithTestNG.M1@54422e18 depends on not successfully finished methods 
[GettingStartedWithTestNG.M1.t5() on instance GettingStartedWithTestNG.M1@54422e18]
at org.testng.internal.invokers.TestInvoker.invokeTestMethods(TestInvoker.java:156)
at org.testng.internal.invokers.TestMethodWorker.invokeTestMethods(TestMethodWorker.java:148)
at org.testng.internal.invokers.TestMethodWorker.run(TestMethodWorker.java:128)
at java.base/java.util.ArrayList.forEach(ArrayList.java:1511)
at org.testng.TestRunner.privateRun(TestRunner.java:848)
at org.testng.TestRunner.run(TestRunner.java:621)
at org.testng.SuiteRunner.runTest(SuiteRunner.java:443)
at org.testng.SuiteRunner.runSequentially(SuiteRunner.java:437)
at org.testng.SuiteRunner.privateRun(SuiteRunner.java:397)
at org.testng.SuiteRunner.run(SuiteRunner.java:336)
at org.testng.SuiteRunnerWorker.runSuite(SuiteRunnerWorker.java:52)
at org.testng.SuiteRunnerWorker.run(SuiteRunnerWorker.java:95)
at org.testng.TestNG.runSuitesSequentially(TestNG.java:1280)
at org.testng.TestNG.runSuitesLocally(TestNG.java:1200)
at org.testng.TestNG.runSuites(TestNG.java:1114)
at org.testng.TestNG.run(TestNG.java:1082)
at org.testng.remote.AbstractRemoteTestNG.run(AbstractRemoteTestNG.java:115)
at org.testng.remote.RemoteTestNG.initAndRun(RemoteTestNG.java:251)
at org.testng.remote.RemoteTestNG.main(RemoteTestNG.java:77)
]]>
            </full-stacktrace>
          </exception> <!-- java.lang.Throwable -->
          <reporter-output>
          </reporter-output>
        </test-method> <!-- t6 -->
        <test-method signature="t4()[pri:5, instance:GettingStartedWithTestNG.M1@54422e18]" started-at="2023-09-03T11:54:35 IST" name="t4" finished-at="2023-09-03T11:54:35 IST" duration-ms="3" status="PASS">
          <reporter-output>
          </reporter-output>
        </test-method> <!-- t4 -->
        <test-method signature="t3()[pri:7, instance:GettingStartedWithTestNG.M1@54422e18]" started-at="2023-09-03T11:54:35 IST" name="t3" finished-at="2023-09-03T11:54:35 IST" duration-ms="6" status="PASS">
          <reporter-output>
          </reporter-output>
        </test-method> <!-- t3 -->
        <test-method signature="t1()[pri:8, instance:GettingStartedWithTestNG.M1@54422e18]" started-at="2023-09-03T11:54:35 IST" name="t1" finished-at="2023-09-03T11:54:35 IST" duration-ms="4" status="PASS">
          <reporter-output>
          </reporter-output>
        </test-method> <!-- t1 -->
        <test-method signature="t2()[pri:9, instance:GettingStartedWithTestNG.M1@54422e18]" started-at="2023-09-03T11:54:35 IST" name="t2" finished-at="2023-09-03T11:54:35 IST" duration-ms="3" status="PASS">
          <reporter-output>
          </reporter-output>
        </test-method> <!-- t2 -->
        <test-method is-config="true" signature="afterClass()[pri:0, instance:GettingStartedWithTestNG.M1@54422e18]" started-at="2023-09-03T11:54:35 IST" name="afterClass" finished-at="2023-09-03T11:54:35 IST" duration-ms="1" status="PASS">
          <reporter-output>
          </reporter-output>
        </test-method> <!-- afterClass -->
      </class> <!-- GettingStartedWithTestNG.M1 -->
    </test> <!-- Test -->
  </suite> <!-- Suite -->
</testng-results>
